2021-05-12 13:50:12,926 run.py[line:20] INFO start run test case...
2021-05-12 13:50:12,926 myunit.py[line:10] INFO ====setUp====
2021-05-12 13:50:12,928 desired_caps.py[line:38] INFO start app...
2021-05-12 13:53:13,183 run.py[line:20] INFO start run test case...
2021-05-12 13:53:13,183 myunit.py[line:10] INFO ====setUp====
2021-05-12 13:53:13,185 desired_caps.py[line:38] INFO start app...
2021-05-12 13:58:29,724 run.py[line:20] INFO start run test case...
2021-05-12 13:58:29,724 myunit.py[line:10] INFO ====setUp====
2021-05-12 13:58:29,726 desired_caps.py[line:38] INFO start app...
2021-05-12 13:58:52,692 test_login.py[line:10] INFO ==== test_login_001 ====
2021-05-12 13:58:52,692 common_fun.py[line:109] INFO =====get_csv_data=====
2021-05-12 13:58:52,693 loginView.py[line:14] INFO ===== login_action =====
2021-05-12 13:58:52,693 loginView.py[line:15] INFO Empty notification bar
2021-05-12 13:58:52,693 common_fun.py[line:80] INFO swipDown
2021-05-12 13:58:52,732 myunit.py[line:14] INFO ====tearDown====
2021-05-12 14:21:44,016 run.py[line:20] INFO start run test case...
2021-05-12 14:21:44,016 myunit.py[line:10] INFO ====setUp====
2021-05-12 14:21:44,018 desired_caps.py[line:38] INFO start app...
2021-05-12 14:21:55,073 test_login.py[line:10] INFO ==== test_login_001 ====
2021-05-12 14:21:55,073 common_fun.py[line:110] INFO =====get_csv_data=====
2021-05-12 14:21:55,073 loginView.py[line:14] INFO ===== login_action =====
2021-05-12 14:21:55,073 loginView.py[line:15] INFO Empty notification bar
2021-05-12 14:21:55,073 common_fun.py[line:80] INFO swipDown
2021-05-12 14:21:55,122 myunit.py[line:14] INFO ====tearDown====
2021-05-12 14:30:19,266 run.py[line:20] INFO start run test case...
2021-05-12 14:30:19,267 myunit.py[line:10] INFO ====setUp====
2021-05-12 14:30:19,268 desired_caps.py[line:38] INFO start app...
2021-05-12 14:30:30,546 test_login.py[line:10] INFO ==== test_login_001 ====
2021-05-12 14:30:30,546 common_fun.py[line:110] INFO =====get_csv_data=====
2021-05-12 14:30:30,546 loginView.py[line:14] INFO ===== login_action =====
2021-05-12 14:30:30,546 loginView.py[line:15] INFO Empty notification bar
2021-05-12 14:30:30,546 common_fun.py[line:80] INFO swipDown
2021-05-12 14:30:30,570 myunit.py[line:14] INFO ====tearDown====
2021-05-12 14:33:52,057 run.py[line:20] INFO start run test case...
2021-05-12 14:33:52,057 myunit.py[line:10] INFO ====setUp====
2021-05-12 14:33:52,059 desired_caps.py[line:38] INFO start app...
2021-05-12 14:34:03,143 test_login.py[line:10] INFO ==== test_login_001 ====
2021-05-12 14:34:03,143 common_fun.py[line:111] INFO =====get_csv_data=====
2021-05-12 14:34:03,144 loginView.py[line:14] INFO ===== login_action =====
2021-05-12 14:34:03,144 loginView.py[line:15] INFO Empty notification bar
2021-05-12 14:34:03,144 common_fun.py[line:81] INFO swipDown
2021-05-12 14:34:03,175 myunit.py[line:14] INFO ====tearDown====
2021-05-12 15:44:56,579 run.py[line:20] INFO start run test case...
2021-05-12 15:44:56,579 myunit.py[line:10] INFO ====setUp====
2021-05-12 15:44:56,581 desired_caps.py[line:38] INFO start app...
2021-05-12 15:45:27,071 test_login.py[line:10] INFO ==== test_login_001 ====
2021-05-12 15:45:27,072 common_fun.py[line:111] INFO =====get_csv_data=====
2021-05-12 15:45:27,072 loginView.py[line:14] INFO ===== login_action =====
2021-05-12 15:45:27,072 loginView.py[line:15] INFO Empty notification bar
2021-05-12 15:45:27,072 common_fun.py[line:81] INFO swipDown
2021-05-12 15:45:27,121 myunit.py[line:14] INFO ====tearDown====
2021-05-12 15:51:37,322 run.py[line:20] INFO start run test case...
2021-05-12 15:51:37,322 myunit.py[line:10] INFO ====setUp====
2021-05-12 15:51:37,324 desired_caps.py[line:38] INFO start app...
2021-05-12 15:51:48,836 test_login.py[line:10] INFO ==== test_login_001 ====
2021-05-12 15:51:48,836 common_fun.py[line:110] INFO =====get_csv_data=====
2021-05-12 15:51:48,836 loginView.py[line:14] INFO ===== login_action =====
2021-05-12 15:51:48,836 loginView.py[line:15] INFO Empty notification bar
2021-05-12 15:51:48,836 common_fun.py[line:80] INFO swipDown
2021-05-12 15:51:48,863 myunit.py[line:14] INFO ====tearDown====
2021-05-12 16:31:01,882 run.py[line:20] INFO start run test case...
2021-05-12 16:31:01,882 myunit.py[line:10] INFO ====setUp====
2021-05-12 16:31:01,884 desired_caps.py[line:38] INFO start app...
2021-05-12 16:31:15,044 test_login.py[line:10] INFO ==== test_login_001 ====
2021-05-12 16:31:15,044 common_fun.py[line:122] INFO =====get_csv_data=====
2021-05-12 16:31:15,044 loginView.py[line:14] INFO ===== login_action =====
2021-05-12 16:31:15,044 loginView.py[line:15] INFO ===== check_change_phonenum =====
2021-05-12 16:31:15,044 common_fun.py[line:59] INFO 检查是否存在切换手机号按钮
2021-05-12 16:31:18,166 loginView.py[line:17] INFO Empty notification bar
2021-05-12 16:31:18,166 common_fun.py[line:92] INFO swipDown
2021-05-12 16:31:19,840 common_fun.py[line:98] INFO swipDown success
2021-05-12 16:31:19,840 common_fun.py[line:39] INFO 检查清空按钮
2021-05-12 16:31:20,115 loginView.py[line:21] INFO phonenumber is:13867111151
2021-05-12 16:31:20,115 myunit.py[line:14] INFO ====tearDown====
2021-05-12 16:32:48,205 run.py[line:20] INFO start run test case...
2021-05-12 16:32:48,205 myunit.py[line:10] INFO ====setUp====
2021-05-12 16:32:48,207 desired_caps.py[line:38] INFO start app...
2021-05-12 16:32:59,038 test_login.py[line:10] INFO ==== test_login_001 ====
2021-05-12 16:32:59,038 common_fun.py[line:122] INFO =====get_csv_data=====
2021-05-12 16:32:59,038 loginView.py[line:14] INFO ===== login_action =====
2021-05-12 16:32:59,038 loginView.py[line:15] INFO ===== check_change_phonenum =====
2021-05-12 16:32:59,038 common_fun.py[line:59] INFO 检查是否存在切换手机号按钮
2021-05-12 16:33:01,783 loginView.py[line:17] INFO Empty notification bar
2021-05-12 16:33:01,783 common_fun.py[line:92] INFO swipDown
2021-05-12 16:33:03,483 common_fun.py[line:98] INFO swipDown success
2021-05-12 16:33:03,483 common_fun.py[line:39] INFO 检查清空按钮
2021-05-12 16:33:11,551 common_fun.py[line:43] INFO 没有取消按钮
2021-05-12 16:33:11,551 common_fun.py[line:84] INFO swipUp
2021-05-12 16:33:12,915 loginView.py[line:21] INFO phonenumber is:13867111151
2021-05-12 16:33:13,625 loginView.py[line:24] INFO click vergetBtn
2021-05-12 16:33:14,302 loginView.py[line:26] INFO verification code send finished!
2021-05-12 16:33:14,302 loginView.py[line:28] INFO get verification code
2021-05-12 16:33:14,302 common_fun.py[line:92] INFO swipDown
2021-05-12 16:33:16,084 common_fun.py[line:98] INFO swipDown success
2021-05-12 16:33:20,381 loginView.py[line:32] INFO 短信内容是：【科大讯飞】您的验证码为：328413，该验证码5分钟内有效，请勿泄漏于他人。
2021-05-12 16:33:20,382 common_fun.py[line:84] INFO swipUp
2021-05-12 16:33:21,673 loginView.py[line:37] INFO verificationcode is328413
2021-05-12 16:33:21,673 common_fun.py[line:84] INFO swipUp
2021-05-12 16:33:31,071 myunit.py[line:14] INFO ====tearDown====
2021-05-12 16:35:45,129 run.py[line:20] INFO start run test case...
2021-05-12 16:35:45,130 myunit.py[line:10] INFO ====setUp====
2021-05-12 16:35:45,131 desired_caps.py[line:38] INFO start app...
2021-05-12 16:35:56,051 test_login.py[line:10] INFO ==== test_login_001 ====
2021-05-12 16:35:56,051 common_fun.py[line:122] INFO =====get_csv_data=====
2021-05-12 16:35:56,052 loginView.py[line:14] INFO ===== login_action =====
2021-05-12 16:35:56,052 loginView.py[line:15] INFO ===== check_change_phonenum =====
2021-05-12 16:35:56,052 common_fun.py[line:59] INFO 检查是否存在切换手机号按钮
2021-05-12 16:35:58,220 loginView.py[line:17] INFO Empty notification bar
2021-05-12 16:35:58,220 common_fun.py[line:92] INFO swipDown
2021-05-12 16:35:59,882 common_fun.py[line:98] INFO swipDown success
2021-05-12 16:35:59,882 common_fun.py[line:39] INFO 检查清空按钮
2021-05-12 16:36:01,511 loginView.py[line:21] INFO phonenumber is:13867111151
2021-05-12 16:36:02,204 loginView.py[line:24] INFO click vergetBtn
2021-05-12 16:36:02,873 loginView.py[line:26] INFO verification code send finished!
2021-05-12 16:36:02,873 loginView.py[line:28] INFO get verification code
2021-05-12 16:36:02,873 common_fun.py[line:92] INFO swipDown
2021-05-12 16:36:04,617 common_fun.py[line:98] INFO swipDown success
2021-05-12 16:36:12,402 loginView.py[line:32] INFO 短信内容是：【科大讯飞】您的验证码为：609810，该验证码5分钟内有效，请勿泄漏于他人。
2021-05-12 16:36:12,402 common_fun.py[line:84] INFO swipUp
2021-05-12 16:36:13,686 loginView.py[line:37] INFO verificationcode is609810
2021-05-12 16:36:13,687 common_fun.py[line:84] INFO swipUp
2021-05-12 16:36:14,980 common_fun.py[line:84] INFO swipUp
2021-05-12 16:36:24,806 myunit.py[line:14] INFO ====tearDown====
2021-05-12 16:47:00,488 run.py[line:20] INFO start run test case...
2021-05-12 16:47:00,488 myunit.py[line:10] INFO ====setUp====
2021-05-12 16:47:00,490 desired_caps.py[line:38] INFO start app...
2021-05-12 16:47:11,545 test_login.py[line:10] INFO ==== test_login_001 ====
2021-05-12 16:47:11,545 common_fun.py[line:122] INFO =====get_csv_data=====
2021-05-12 16:47:11,546 loginView.py[line:14] INFO ===== login_action =====
2021-05-12 16:47:11,546 loginView.py[line:15] INFO ===== check_change_phonenum =====
2021-05-12 16:47:11,546 common_fun.py[line:59] INFO 检查是否存在切换手机号按钮
2021-05-12 16:47:13,686 loginView.py[line:17] INFO Empty notification bar
2021-05-12 16:47:13,686 common_fun.py[line:92] INFO swipDown
2021-05-12 16:47:15,349 common_fun.py[line:98] INFO swipDown success
2021-05-12 16:47:15,350 common_fun.py[line:39] INFO 检查清空按钮
2021-05-12 16:47:15,705 loginView.py[line:21] INFO phonenumber is:13867111151
2021-05-12 16:47:17,180 loginView.py[line:24] INFO click vergetBtn
2021-05-12 16:47:17,879 loginView.py[line:26] INFO verification code send finished!
2021-05-12 16:47:17,879 loginView.py[line:28] INFO get verification code
2021-05-12 16:47:17,879 common_fun.py[line:92] INFO swipDown
2021-05-12 16:47:19,637 common_fun.py[line:98] INFO swipDown success
2021-05-12 16:47:24,129 loginView.py[line:32] INFO 短信内容是：【科大讯飞】您的验证码为：347336，该验证码5分钟内有效，请勿泄漏于他人。
2021-05-12 16:47:24,129 common_fun.py[line:84] INFO swipUp
2021-05-12 16:47:25,408 loginView.py[line:37] INFO verificationcode is347336
2021-05-12 16:47:25,408 common_fun.py[line:84] INFO swipUp
2021-05-12 16:47:32,099 loginView.py[line:59] INFO ====login finished!====
2021-05-12 16:47:32,099 loginView.py[line:62] INFO ===== check_loginStatus =====
2021-05-12 16:47:33,382 loginView.py[line:72] INFO login success!
2021-05-12 16:47:33,382 loginView.py[line:76] INFO ==== logout_action ==== 
2021-05-12 16:47:34,975 myunit.py[line:14] INFO ====tearDown====
2021-05-12 17:13:10,270 run.py[line:20] INFO start run test case...
2021-05-12 17:13:10,271 myunit.py[line:10] INFO ====setUp====
2021-05-12 17:13:10,273 desired_caps.py[line:38] INFO start app...
2021-05-12 17:13:22,128 test_login.py[line:19] INFO ==== test_login_no_verificationcode ====
2021-05-12 17:13:22,128 common_fun.py[line:122] INFO =====get_csv_data=====
2021-05-12 17:13:22,129 loginView.py[line:14] INFO ===== login_action =====
2021-05-12 17:13:22,129 loginView.py[line:15] INFO ===== check_change_phonenum =====
2021-05-12 17:13:22,129 common_fun.py[line:59] INFO check_check_change_phonenum
2021-05-12 17:13:25,057 loginView.py[line:17] INFO Empty notification bar
2021-05-12 17:13:25,057 common_fun.py[line:92] INFO swipDown
2021-05-12 17:13:26,748 common_fun.py[line:98] INFO swipDown success
2021-05-12 17:13:26,748 common_fun.py[line:39] INFO check_deleteBtn
2021-05-12 17:13:27,113 loginView.py[line:21] INFO phonenumber is:13867111151
2021-05-12 17:13:28,691 loginView.py[line:24] INFO click vergetBtn
2021-05-12 17:13:29,367 loginView.py[line:26] INFO verification code send finished!
2021-05-12 17:13:29,367 loginView.py[line:29] INFO check verificationStatus
2021-05-12 17:13:30,577 loginView.py[line:37] INFO get verificationcode  success!
2021-05-12 17:13:30,577 loginView.py[line:43] INFO get verification code
2021-05-12 17:13:30,577 common_fun.py[line:92] INFO swipDown
2021-05-12 17:13:31,889 common_fun.py[line:98] INFO swipDown success
2021-05-12 17:13:35,835 loginView.py[line:47] INFO 短信内容是：【科大讯飞】您的验证码为：518897，该验证码5分钟内有效，请勿泄漏于他人。
2021-05-12 17:13:35,835 common_fun.py[line:84] INFO swipUp
2021-05-12 17:13:37,109 loginView.py[line:52] INFO verificationcode is518897
2021-05-12 17:13:37,109 common_fun.py[line:84] INFO swipUp
2021-05-12 17:13:43,631 loginView.py[line:74] INFO ====login finished!====
2021-05-12 17:13:43,632 myunit.py[line:14] INFO ====tearDown====
2021-05-12 17:13:48,850 myunit.py[line:10] INFO ====setUp====
2021-05-12 17:13:48,852 desired_caps.py[line:38] INFO start app...
2021-05-12 17:14:00,537 test_login.py[line:10] INFO ==== test_login_success ====
2021-05-12 17:14:00,538 common_fun.py[line:122] INFO =====get_csv_data=====
2021-05-12 17:14:00,538 loginView.py[line:14] INFO ===== login_action =====
2021-05-12 17:14:00,538 loginView.py[line:15] INFO ===== check_change_phonenum =====
2021-05-12 17:14:00,538 common_fun.py[line:59] INFO check_check_change_phonenum
2021-05-12 17:14:08,857 common_fun.py[line:63] INFO no change_phonenum
2021-05-12 17:14:08,857 loginView.py[line:17] INFO Empty notification bar
2021-05-12 17:14:08,857 common_fun.py[line:92] INFO swipDown
2021-05-12 17:14:10,165 common_fun.py[line:98] INFO swipDown success
2021-05-12 17:14:10,165 common_fun.py[line:39] INFO check_deleteBtn
2021-05-12 17:14:10,481 loginView.py[line:21] INFO phonenumber is:13867111151
2021-05-12 17:14:18,651 myunit.py[line:14] INFO ====tearDown====
2021-05-12 17:18:26,088 run.py[line:20] INFO start run test case...
2021-05-12 17:18:26,088 myunit.py[line:10] INFO ====setUp====
2021-05-12 17:18:26,090 desired_caps.py[line:38] INFO start app...
2021-05-12 17:18:37,075 test_login.py[line:9] INFO ==== test_login_no_verificationcode ====
2021-05-12 17:18:37,075 common_fun.py[line:122] INFO =====get_csv_data=====
2021-05-12 17:18:37,075 loginView.py[line:14] INFO ===== login_action =====
2021-05-12 17:18:37,076 loginView.py[line:15] INFO ===== check_change_phonenum =====
2021-05-12 17:18:37,076 common_fun.py[line:59] INFO check_check_change_phonenum
2021-05-12 17:18:39,538 loginView.py[line:17] INFO Empty notification bar
2021-05-12 17:18:39,538 common_fun.py[line:92] INFO swipDown
2021-05-12 17:18:41,219 common_fun.py[line:98] INFO swipDown success
2021-05-12 17:18:41,219 common_fun.py[line:39] INFO check_deleteBtn
2021-05-12 17:18:49,780 common_fun.py[line:43] INFO no deleteBtn
2021-05-12 17:18:49,781 common_fun.py[line:84] INFO swipUp
2021-05-12 17:18:51,106 loginView.py[line:21] INFO phonenumber is:13867111151
2021-05-12 17:18:51,824 loginView.py[line:24] INFO click vergetBtn
2021-05-12 17:18:52,505 loginView.py[line:26] INFO verification code send finished!
2021-05-12 17:18:52,505 loginView.py[line:29] INFO check verificationStatus
2021-05-12 17:18:52,561 loginView.py[line:37] INFO get verificationcode  success!
2021-05-12 17:18:52,561 loginView.py[line:43] INFO get verification code
2021-05-12 17:18:52,561 common_fun.py[line:92] INFO swipDown
2021-05-12 17:18:54,315 common_fun.py[line:98] INFO swipDown success
2021-05-12 17:18:58,903 loginView.py[line:47] INFO messagecontent：【科大讯飞】您的验证码为：704285，该验证码5分钟内有效，请勿泄漏于他人。
2021-05-12 17:18:58,903 common_fun.py[line:84] INFO swipUp
2021-05-12 17:19:00,202 loginView.py[line:52] INFO verificationcode is704285
2021-05-12 17:19:00,202 common_fun.py[line:84] INFO swipUp
2021-05-12 17:19:06,750 loginView.py[line:74] INFO ====login finished!====
2021-05-12 17:19:06,750 myunit.py[line:14] INFO ====tearDown====
2021-05-12 17:19:11,965 myunit.py[line:10] INFO ====setUp====
2021-05-12 17:19:11,967 desired_caps.py[line:38] INFO start app...
2021-05-12 17:19:23,813 test_login.py[line:18] INFO ==== test_login_success ====
2021-05-12 17:19:23,813 common_fun.py[line:122] INFO =====get_csv_data=====
2021-05-12 17:19:23,813 loginView.py[line:14] INFO ===== login_action =====
2021-05-12 17:19:23,813 loginView.py[line:15] INFO ===== check_change_phonenum =====
2021-05-12 17:19:23,813 common_fun.py[line:59] INFO check_check_change_phonenum
2021-05-12 17:19:32,128 common_fun.py[line:63] INFO no change_phonenum
2021-05-12 17:19:32,128 loginView.py[line:17] INFO Empty notification bar
2021-05-12 17:19:32,129 common_fun.py[line:92] INFO swipDown
2021-05-12 17:19:33,457 common_fun.py[line:98] INFO swipDown success
2021-05-12 17:19:33,457 common_fun.py[line:39] INFO check_deleteBtn
2021-05-12 17:19:33,768 loginView.py[line:21] INFO phonenumber is:13867111151
2021-05-12 17:19:41,913 myunit.py[line:14] INFO ====tearDown====
2021-05-12 17:20:23,655 run.py[line:20] INFO start run test case...
2021-05-12 17:20:23,655 myunit.py[line:10] INFO ====setUp====
2021-05-12 17:20:23,657 desired_caps.py[line:38] INFO start app...
2021-05-12 17:20:35,508 test_login.py[line:9] INFO ==== test_login_no_verificationcode ====
2021-05-12 17:20:35,508 common_fun.py[line:122] INFO =====get_csv_data=====
2021-05-12 17:20:35,508 loginView.py[line:14] INFO ===== login_action =====
2021-05-12 17:20:35,508 loginView.py[line:15] INFO ===== check_change_phonenum =====
2021-05-12 17:20:35,508 common_fun.py[line:59] INFO check_check_change_phonenum
2021-05-12 17:20:37,633 loginView.py[line:17] INFO Empty notification bar
2021-05-12 17:20:37,633 common_fun.py[line:92] INFO swipDown
2021-05-12 17:20:39,301 common_fun.py[line:98] INFO swipDown success
2021-05-12 17:20:39,301 common_fun.py[line:39] INFO check_deleteBtn
2021-05-12 17:20:48,675 common_fun.py[line:43] INFO no deleteBtn
2021-05-12 17:20:48,675 common_fun.py[line:84] INFO swipUp
2021-05-12 17:20:49,980 loginView.py[line:21] INFO phonenumber is:123456
2021-05-12 17:20:57,997 myunit.py[line:14] INFO ====tearDown====
2021-05-12 17:21:03,215 myunit.py[line:10] INFO ====setUp====
2021-05-12 17:21:03,218 desired_caps.py[line:38] INFO start app...
2021-05-12 17:21:15,105 test_login.py[line:18] INFO ==== test_login_success ====
2021-05-12 17:21:15,107 common_fun.py[line:122] INFO =====get_csv_data=====
2021-05-12 17:21:15,107 loginView.py[line:14] INFO ===== login_action =====
2021-05-12 17:21:15,107 loginView.py[line:15] INFO ===== check_change_phonenum =====
2021-05-12 17:21:15,107 common_fun.py[line:59] INFO check_check_change_phonenum
2021-05-12 17:21:17,198 loginView.py[line:17] INFO Empty notification bar
2021-05-12 17:21:17,198 common_fun.py[line:92] INFO swipDown
2021-05-12 17:21:18,838 common_fun.py[line:98] INFO swipDown success
2021-05-12 17:21:18,838 common_fun.py[line:39] INFO check_deleteBtn
2021-05-12 17:21:27,343 common_fun.py[line:43] INFO no deleteBtn
2021-05-12 17:21:27,343 common_fun.py[line:84] INFO swipUp
2021-05-12 17:21:28,676 loginView.py[line:21] INFO phonenumber is:13867111151
2021-05-12 17:21:29,435 loginView.py[line:24] INFO click vergetBtn
2021-05-12 17:21:30,091 loginView.py[line:26] INFO verification code send finished!
2021-05-12 17:21:30,091 loginView.py[line:79] INFO ===== check_loginStatus =====
2021-05-12 17:21:38,181 loginView.py[line:83] ERROR login Fail!
2021-05-12 17:21:38,181 common_fun.py[line:117] INFO get login fail screenshot
2021-05-12 17:21:38,580 myunit.py[line:14] INFO ====tearDown====
2021-05-12 17:38:01,449 run.py[line:20] INFO start run test case...
2021-05-12 17:38:01,449 myunit.py[line:10] INFO ====setUp====
2021-05-12 17:38:01,452 desired_caps.py[line:38] INFO start app...
2021-05-12 17:38:12,308 test_login.py[line:9] INFO ==== test_login_no_verificationcode ====
2021-05-12 17:38:12,308 common_fun.py[line:122] INFO =====get_csv_data=====
2021-05-12 17:38:12,308 loginView.py[line:14] INFO ===== login_action =====
2021-05-12 17:38:12,308 loginView.py[line:15] INFO ===== check_change_phonenum =====
2021-05-12 17:38:12,308 common_fun.py[line:59] INFO check_check_change_phonenum
2021-05-12 17:38:14,467 loginView.py[line:17] INFO Empty notification bar
2021-05-12 17:38:14,468 common_fun.py[line:92] INFO swipDown
2021-05-12 17:38:16,160 common_fun.py[line:98] INFO swipDown success
2021-05-12 17:38:16,160 common_fun.py[line:39] INFO check_deleteBtn
2021-05-12 17:38:16,552 loginView.py[line:21] INFO phonenumber is:123456
2021-05-12 17:38:18,737 loginView.py[line:24] INFO click vergetBtn
2021-05-12 17:38:19,912 loginView.py[line:26] INFO verification code send finished!
2021-05-12 17:38:19,912 loginView.py[line:29] INFO check verificationStatus
2021-05-12 17:38:19,930 loginView.py[line:38] ERROR get verificationcode Fail!
2021-05-12 17:38:19,930 common_fun.py[line:117] INFO get get verificationcode Fail screenshot
2021-05-12 17:38:20,298 myunit.py[line:14] INFO ====tearDown====
2021-05-12 17:38:25,545 myunit.py[line:10] INFO ====setUp====
2021-05-12 17:38:25,548 desired_caps.py[line:38] INFO start app...
2021-05-12 17:38:37,286 test_login.py[line:18] INFO ==== test_login_success ====
2021-05-12 17:38:37,286 common_fun.py[line:122] INFO =====get_csv_data=====
2021-05-12 17:38:37,287 loginView.py[line:14] INFO ===== login_action =====
2021-05-12 17:38:37,287 loginView.py[line:15] INFO ===== check_change_phonenum =====
2021-05-12 17:38:37,287 common_fun.py[line:59] INFO check_check_change_phonenum
2021-05-12 17:38:39,861 loginView.py[line:17] INFO Empty notification bar
2021-05-12 17:38:39,861 common_fun.py[line:92] INFO swipDown
2021-05-12 17:38:41,540 common_fun.py[line:98] INFO swipDown success
2021-05-12 17:38:41,540 common_fun.py[line:39] INFO check_deleteBtn
2021-05-12 17:38:42,592 loginView.py[line:21] INFO phonenumber is:13867111151
2021-05-12 17:38:44,202 loginView.py[line:24] INFO click vergetBtn
2021-05-12 17:38:44,885 loginView.py[line:26] INFO verification code send finished!
2021-05-12 17:38:44,885 loginView.py[line:80] INFO ===== check_loginStatus =====
2021-05-12 17:38:53,016 loginView.py[line:84] ERROR login Fail!
2021-05-12 17:38:53,016 common_fun.py[line:117] INFO get login fail screenshot
2021-05-12 17:38:53,392 myunit.py[line:14] INFO ====tearDown====
2021-05-12 17:42:56,077 run.py[line:20] INFO start run test case...
2021-05-12 17:42:56,077 myunit.py[line:10] INFO ====setUp====
2021-05-12 17:42:56,079 desired_caps.py[line:38] INFO start app...
2021-05-12 17:43:06,764 test_login.py[line:9] INFO ==== test_login_no_verificationcode ====
2021-05-12 17:43:06,764 common_fun.py[line:122] INFO =====get_csv_data=====
2021-05-12 17:43:06,766 loginView.py[line:14] INFO ===== login_action =====
2021-05-12 17:43:06,766 loginView.py[line:15] INFO ===== check_change_phonenum =====
2021-05-12 17:43:06,766 common_fun.py[line:59] INFO check_check_change_phonenum
2021-05-12 17:43:10,052 loginView.py[line:17] INFO Empty notification bar
2021-05-12 17:43:10,052 common_fun.py[line:92] INFO swipDown
2021-05-12 17:43:11,764 common_fun.py[line:98] INFO swipDown success
2021-05-12 17:43:11,764 common_fun.py[line:39] INFO check_deleteBtn
2021-05-12 17:43:12,100 loginView.py[line:21] INFO phonenumber is:123456
2021-05-12 17:43:13,695 loginView.py[line:24] INFO click vergetBtn
2021-05-12 17:43:14,883 loginView.py[line:26] INFO verification code send finished!
2021-05-12 17:43:14,883 loginView.py[line:29] INFO check verificationStatus
2021-05-12 17:43:14,911 loginView.py[line:38] ERROR get verificationcode Fail!
2021-05-12 17:43:14,911 common_fun.py[line:117] INFO get get verificationcode Fail screenshot
2021-05-12 17:43:15,295 myunit.py[line:14] INFO ====tearDown====
2021-05-12 17:43:20,552 myunit.py[line:10] INFO ====setUp====
2021-05-12 17:43:20,554 desired_caps.py[line:38] INFO start app...
2021-05-12 17:43:32,288 test_login.py[line:18] INFO ==== test_login_success ====
2021-05-12 17:43:32,288 common_fun.py[line:122] INFO =====get_csv_data=====
2021-05-12 17:43:32,288 loginView.py[line:14] INFO ===== login_action =====
2021-05-12 17:43:32,288 loginView.py[line:15] INFO ===== check_change_phonenum =====
2021-05-12 17:43:32,288 common_fun.py[line:59] INFO check_check_change_phonenum
2021-05-12 17:43:34,663 loginView.py[line:17] INFO Empty notification bar
2021-05-12 17:43:34,663 common_fun.py[line:92] INFO swipDown
2021-05-12 17:43:36,305 common_fun.py[line:98] INFO swipDown success
2021-05-12 17:43:36,305 common_fun.py[line:39] INFO check_deleteBtn
2021-05-12 17:43:44,822 common_fun.py[line:43] INFO no deleteBtn
2021-05-12 17:43:44,823 common_fun.py[line:84] INFO swipUp
2021-05-12 17:43:46,141 loginView.py[line:21] INFO phonenumber is:13867111151
2021-05-12 17:43:46,259 loginView.py[line:24] INFO click vergetBtn
2021-05-12 17:43:46,940 loginView.py[line:26] INFO verification code send finished!
2021-05-12 17:43:46,940 loginView.py[line:29] INFO check verificationStatus
2021-05-12 17:43:48,156 loginView.py[line:38] ERROR get verificationcode Fail!
2021-05-12 17:43:48,156 common_fun.py[line:117] INFO get get verificationcode Fail screenshot
2021-05-12 17:43:48,534 loginView.py[line:80] INFO ===== check_loginStatus =====
2021-05-12 17:43:57,078 loginView.py[line:84] ERROR login Fail!
2021-05-12 17:43:57,078 common_fun.py[line:117] INFO get login fail screenshot
2021-05-12 17:43:57,465 myunit.py[line:14] INFO ====tearDown====
2021-05-12 17:45:53,227 run.py[line:20] INFO start run test case...
2021-05-12 17:45:53,227 myunit.py[line:10] INFO ====setUp====
2021-05-12 17:45:53,228 desired_caps.py[line:38] INFO start app...
2021-05-12 17:46:05,057 test_login.py[line:9] INFO ==== test_login_no_verificationcode ====
2021-05-12 17:46:05,057 common_fun.py[line:122] INFO =====get_csv_data=====
2021-05-12 17:46:05,057 loginView.py[line:14] INFO ===== login_action =====
2021-05-12 17:46:05,057 loginView.py[line:15] INFO ===== check_change_phonenum =====
2021-05-12 17:46:05,057 common_fun.py[line:59] INFO check_check_change_phonenum
2021-05-12 17:46:07,898 loginView.py[line:17] INFO Empty notification bar
2021-05-12 17:46:07,898 common_fun.py[line:92] INFO swipDown
2021-05-12 17:46:09,547 common_fun.py[line:98] INFO swipDown success
2021-05-12 17:46:09,547 common_fun.py[line:39] INFO check_deleteBtn
2021-05-12 17:46:09,895 loginView.py[line:21] INFO phonenumber is:123456
2021-05-12 17:46:11,468 loginView.py[line:24] INFO click vergetBtn
2021-05-12 17:46:12,652 loginView.py[line:26] INFO verification code send finished!
2021-05-12 17:46:12,652 loginView.py[line:29] INFO check verificationStatus
2021-05-12 17:46:12,680 loginView.py[line:38] ERROR get verificationcode Fail!
2021-05-12 17:46:12,680 common_fun.py[line:117] INFO get get verificationcode Fail screenshot
2021-05-12 17:46:13,078 myunit.py[line:14] INFO ====tearDown====
2021-05-12 17:46:18,289 myunit.py[line:10] INFO ====setUp====
2021-05-12 17:46:18,291 desired_caps.py[line:38] INFO start app...
2021-05-12 17:46:30,055 test_login.py[line:18] INFO ==== test_login_success ====
2021-05-12 17:46:30,055 common_fun.py[line:122] INFO =====get_csv_data=====
2021-05-12 17:46:30,055 loginView.py[line:14] INFO ===== login_action =====
2021-05-12 17:46:30,055 loginView.py[line:15] INFO ===== check_change_phonenum =====
2021-05-12 17:46:30,055 common_fun.py[line:59] INFO check_check_change_phonenum
2021-05-12 17:46:32,337 loginView.py[line:17] INFO Empty notification bar
2021-05-12 17:46:32,337 common_fun.py[line:92] INFO swipDown
2021-05-12 17:46:34,008 common_fun.py[line:98] INFO swipDown success
2021-05-12 17:46:34,008 common_fun.py[line:39] INFO check_deleteBtn
2021-05-12 17:46:43,068 common_fun.py[line:43] INFO no deleteBtn
2021-05-12 17:46:43,068 common_fun.py[line:84] INFO swipUp
2021-05-12 17:46:44,386 loginView.py[line:21] INFO phonenumber is:13867111151
2021-05-12 17:46:44,556 loginView.py[line:24] INFO click vergetBtn
2021-05-12 17:46:45,229 loginView.py[line:26] INFO verification code send finished!
2021-05-12 17:46:45,229 loginView.py[line:29] INFO check verificationStatus
2021-05-12 17:46:53,566 loginView.py[line:33] INFO get verificationcode  success!
2021-05-12 17:46:53,566 loginView.py[line:44] INFO get verification code
2021-05-12 17:46:53,566 common_fun.py[line:92] INFO swipDown
2021-05-12 17:46:54,926 common_fun.py[line:98] INFO swipDown success
2021-05-12 17:46:55,099 loginView.py[line:48] INFO messagecontent：【科大讯飞】您的验证码为：896640，该验证码5分钟内有效，请勿泄漏于他人。
2021-05-12 17:46:55,099 common_fun.py[line:84] INFO swipUp
2021-05-12 17:46:56,391 loginView.py[line:53] INFO verificationcode is896640
2021-05-12 17:46:56,391 common_fun.py[line:84] INFO swipUp
2021-05-12 17:47:04,439 loginView.py[line:75] INFO ====login finished!====
2021-05-12 17:47:04,439 myunit.py[line:14] INFO ====tearDown====
2021-05-12 17:48:47,026 run.py[line:20] INFO start run test case...
2021-05-12 17:48:47,027 myunit.py[line:10] INFO ====setUp====
2021-05-12 17:48:47,029 desired_caps.py[line:38] INFO start app...
2021-05-12 17:48:57,798 test_login.py[line:9] INFO ==== test_login_no_verificationcode ====
2021-05-12 17:48:57,798 common_fun.py[line:122] INFO =====get_csv_data=====
2021-05-12 17:48:57,798 loginView.py[line:14] INFO ===== login_action =====
2021-05-12 17:48:57,798 loginView.py[line:15] INFO ===== check_change_phonenum =====
2021-05-12 17:48:57,799 common_fun.py[line:59] INFO check_check_change_phonenum
2021-05-12 17:48:59,863 loginView.py[line:17] INFO Empty notification bar
2021-05-12 17:48:59,863 common_fun.py[line:92] INFO swipDown
2021-05-12 17:49:01,553 common_fun.py[line:98] INFO swipDown success
2021-05-12 17:49:01,553 common_fun.py[line:39] INFO check_deleteBtn
2021-05-12 17:49:01,915 loginView.py[line:21] INFO phonenumber is:123456
2021-05-12 17:49:03,411 loginView.py[line:24] INFO click vergetBtn
2021-05-12 17:49:04,597 loginView.py[line:26] INFO verification code send finished!
2021-05-12 17:49:04,597 loginView.py[line:29] INFO check verificationStatus
2021-05-12 17:49:04,638 loginView.py[line:38] ERROR get verificationcode Fail!
2021-05-12 17:49:04,638 common_fun.py[line:117] INFO get get verificationcode Fail screenshot
2021-05-12 17:49:05,053 myunit.py[line:14] INFO ====tearDown====
2021-05-12 17:49:10,301 myunit.py[line:10] INFO ====setUp====
2021-05-12 17:49:10,304 desired_caps.py[line:38] INFO start app...
2021-05-12 17:49:21,953 test_login.py[line:18] INFO ==== test_login_success ====
2021-05-12 17:49:21,953 common_fun.py[line:122] INFO =====get_csv_data=====
2021-05-12 17:49:21,954 loginView.py[line:14] INFO ===== login_action =====
2021-05-12 17:49:21,954 loginView.py[line:15] INFO ===== check_change_phonenum =====
2021-05-12 17:49:21,954 common_fun.py[line:59] INFO check_check_change_phonenum
2021-05-12 17:49:24,528 loginView.py[line:17] INFO Empty notification bar
2021-05-12 17:49:24,528 common_fun.py[line:92] INFO swipDown
2021-05-12 17:49:26,171 common_fun.py[line:98] INFO swipDown success
2021-05-12 17:49:26,171 common_fun.py[line:39] INFO check_deleteBtn
2021-05-12 17:49:34,595 common_fun.py[line:43] INFO no deleteBtn
2021-05-12 17:49:34,595 common_fun.py[line:84] INFO swipUp
2021-05-12 17:49:35,903 loginView.py[line:21] INFO phonenumber is:13867111151
2021-05-12 17:49:36,085 loginView.py[line:24] INFO click vergetBtn
2021-05-12 17:49:36,761 loginView.py[line:26] INFO verification code send finished!
2021-05-12 17:49:36,761 loginView.py[line:29] INFO check verificationStatus
2021-05-12 17:49:44,860 loginView.py[line:33] INFO get verificationcode  success!
2021-05-12 17:49:44,860 loginView.py[line:44] INFO get verification code
2021-05-12 17:49:44,860 common_fun.py[line:92] INFO swipDown
2021-05-12 17:49:46,237 common_fun.py[line:98] INFO swipDown success
2021-05-12 17:49:46,402 loginView.py[line:48] INFO messagecontent：【科大讯飞】您的验证码为：826523，该验证码5分钟内有效，请勿泄漏于他人。
2021-05-12 17:49:46,402 common_fun.py[line:84] INFO swipUp
2021-05-12 17:49:47,673 loginView.py[line:53] INFO verificationcode is826523
2021-05-12 17:49:47,673 common_fun.py[line:84] INFO swipUp
2021-05-12 17:49:54,962 loginView.py[line:75] INFO ====login finished!====
2021-05-12 17:49:54,962 loginView.py[line:80] INFO ===== check_loginStatus =====
2021-05-12 17:49:56,659 loginView.py[line:88] INFO login success!
2021-05-12 17:49:56,659 loginView.py[line:92] INFO ==== logout_action ==== 
2021-05-12 17:49:58,132 loginView.py[line:96] INFO ==== logout success! ====
2021-05-12 17:49:58,132 myunit.py[line:14] INFO ====tearDown====
2021-05-12 17:52:01,776 run.py[line:20] INFO start run test case...
2021-05-12 17:52:01,776 myunit.py[line:10] INFO ====setUp====
2021-05-12 17:52:01,778 desired_caps.py[line:38] INFO start app...
2021-05-12 17:52:12,781 test_login.py[line:9] INFO ==== test_login_no_verificationcode ====
2021-05-12 17:52:12,781 common_fun.py[line:122] INFO =====get_csv_data=====
2021-05-12 17:52:12,781 loginView.py[line:14] INFO ===== login_action =====
2021-05-12 17:52:12,782 loginView.py[line:15] INFO ===== check_change_phonenum =====
2021-05-12 17:52:12,782 common_fun.py[line:59] INFO check_check_change_phonenum
2021-05-12 17:52:14,897 loginView.py[line:17] INFO Empty notification bar
2021-05-12 17:52:14,897 common_fun.py[line:92] INFO swipDown
2021-05-12 17:52:16,602 common_fun.py[line:98] INFO swipDown success
2021-05-12 17:52:16,602 common_fun.py[line:39] INFO check_deleteBtn
2021-05-12 17:52:16,988 loginView.py[line:21] INFO phonenumber is:123456
2021-05-12 17:52:18,556 loginView.py[line:24] INFO click vergetBtn
2021-05-12 17:52:19,743 loginView.py[line:26] INFO verification code send finished!
2021-05-12 17:52:19,743 loginView.py[line:29] INFO check verificationStatus
2021-05-12 17:52:19,766 loginView.py[line:38] ERROR get verificationcode Fail!
2021-05-12 17:52:19,767 common_fun.py[line:117] INFO get get verificationcode Fail screenshot
2021-05-12 17:52:20,116 myunit.py[line:14] INFO ====tearDown====
2021-05-12 17:52:25,336 myunit.py[line:10] INFO ====setUp====
2021-05-12 17:52:25,338 desired_caps.py[line:38] INFO start app...
2021-05-12 17:52:37,229 test_login.py[line:18] INFO ==== test_login_success ====
2021-05-12 17:52:37,229 common_fun.py[line:122] INFO =====get_csv_data=====
2021-05-12 17:52:37,229 loginView.py[line:14] INFO ===== login_action =====
2021-05-12 17:52:37,229 loginView.py[line:15] INFO ===== check_change_phonenum =====
2021-05-12 17:52:37,229 common_fun.py[line:59] INFO check_check_change_phonenum
2021-05-12 17:52:39,671 loginView.py[line:17] INFO Empty notification bar
2021-05-12 17:52:39,672 common_fun.py[line:92] INFO swipDown
2021-05-12 17:52:41,333 common_fun.py[line:98] INFO swipDown success
2021-05-12 17:52:41,333 common_fun.py[line:39] INFO check_deleteBtn
2021-05-12 17:52:49,763 common_fun.py[line:43] INFO no deleteBtn
2021-05-12 17:52:49,763 common_fun.py[line:84] INFO swipUp
2021-05-12 17:52:51,103 loginView.py[line:21] INFO phonenumber is:13867111151
2021-05-12 17:52:51,865 loginView.py[line:24] INFO click vergetBtn
2021-05-12 17:52:52,557 loginView.py[line:26] INFO verification code send finished!
2021-05-12 17:52:52,557 loginView.py[line:29] INFO check verificationStatus
2021-05-12 17:53:00,705 loginView.py[line:33] INFO get verificationcode  success!
2021-05-12 17:53:00,706 loginView.py[line:44] INFO get verification code
2021-05-12 17:53:00,706 common_fun.py[line:92] INFO swipDown
2021-05-12 17:53:02,089 common_fun.py[line:98] INFO swipDown success
2021-05-12 17:53:02,234 loginView.py[line:48] INFO messagecontent：【科大讯飞】您的验证码为：287762，该验证码5分钟内有效，请勿泄漏于他人。
2021-05-12 17:53:02,234 common_fun.py[line:84] INFO swipUp
2021-05-12 17:53:03,544 loginView.py[line:53] INFO verificationcode is287762
2021-05-12 17:53:03,544 common_fun.py[line:84] INFO swipUp
2021-05-12 17:53:10,730 loginView.py[line:75] INFO ====login finished!====
2021-05-12 17:53:10,730 loginView.py[line:80] INFO ===== check_loginStatus =====
2021-05-12 17:53:12,003 loginView.py[line:88] INFO login success!
2021-05-12 17:53:12,003 loginView.py[line:92] INFO ==== logout_action ==== 
2021-05-12 17:53:13,519 loginView.py[line:96] INFO ==== logout success! ====
2021-05-12 17:53:13,519 myunit.py[line:14] INFO ====tearDown====
2021-05-12 18:23:20,433 run.py[line:20] INFO start run test case...
2021-05-12 18:23:20,433 myunit.py[line:10] INFO ====setUp====
2021-05-12 18:23:20,436 desired_caps.py[line:38] INFO start app...
2021-05-12 18:23:32,363 test_login.py[line:9] INFO ==== test_login_no_verificationcode ====
2021-05-12 18:23:32,363 common_fun.py[line:122] INFO =====get_csv_data=====
2021-05-12 18:23:32,363 loginView.py[line:16] INFO ===== login_action =====
2021-05-12 18:23:32,363 loginView.py[line:17] INFO ===== check_change_phonenum =====
2021-05-12 18:23:32,363 common_fun.py[line:59] INFO check_check_change_phonenum
2021-05-12 18:23:40,786 common_fun.py[line:63] INFO no change_phonenum
2021-05-12 18:23:40,786 loginView.py[line:19] INFO Empty notification bar
2021-05-12 18:23:40,786 common_fun.py[line:92] INFO swipDown
2021-05-12 18:23:42,105 common_fun.py[line:98] INFO swipDown success
2021-05-12 18:23:42,105 common_fun.py[line:39] INFO check_deleteBtn
2021-05-12 18:23:42,568 loginView.py[line:23] INFO phonenumber is:123456
2021-05-12 18:23:44,142 loginView.py[line:26] INFO click vergetBtn
2021-05-12 18:23:45,355 loginView.py[line:28] INFO verification code send finished!
2021-05-12 18:23:45,356 loginView.py[line:31] INFO check verificationStatus
2021-05-12 18:23:45,398 loginView.py[line:40] ERROR get verificationcode Fail!
2021-05-12 18:23:45,398 common_fun.py[line:117] INFO get get verificationcode Fail screenshot
2021-05-12 18:23:45,811 myunit.py[line:14] INFO ====tearDown====
2021-05-12 18:23:51,033 myunit.py[line:10] INFO ====setUp====
2021-05-12 18:23:51,035 desired_caps.py[line:38] INFO start app...
2021-05-12 18:24:02,717 test_login.py[line:18] INFO ==== test_login_success ====
2021-05-12 18:24:02,717 common_fun.py[line:122] INFO =====get_csv_data=====
2021-05-12 18:24:02,717 loginView.py[line:16] INFO ===== login_action =====
2021-05-12 18:24:02,717 loginView.py[line:17] INFO ===== check_change_phonenum =====
2021-05-12 18:24:02,717 common_fun.py[line:59] INFO check_check_change_phonenum
2021-05-12 18:24:10,860 common_fun.py[line:63] INFO no change_phonenum
2021-05-12 18:24:10,861 loginView.py[line:19] INFO Empty notification bar
2021-05-12 18:24:10,861 common_fun.py[line:92] INFO swipDown
2021-05-12 18:24:12,168 common_fun.py[line:98] INFO swipDown success
2021-05-12 18:24:12,168 common_fun.py[line:39] INFO check_deleteBtn
2021-05-12 18:24:20,779 common_fun.py[line:43] INFO no deleteBtn
2021-05-12 18:24:20,779 common_fun.py[line:84] INFO swipUp
2021-05-12 18:24:22,089 loginView.py[line:23] INFO phonenumber is:13867111151
2021-05-12 18:24:22,202 loginView.py[line:26] INFO click vergetBtn
2021-05-12 18:24:22,883 loginView.py[line:28] INFO verification code send finished!
2021-05-12 18:24:22,884 loginView.py[line:31] INFO check verificationStatus
2021-05-12 18:24:22,939 loginView.py[line:40] ERROR get verificationcode Fail!
2021-05-12 18:24:22,939 common_fun.py[line:117] INFO get get verificationcode Fail screenshot
2021-05-12 18:24:23,293 myunit.py[line:14] INFO ====tearDown====
2021-05-12 18:24:28,511 myunit.py[line:10] INFO ====setUp====
2021-05-12 18:24:28,513 desired_caps.py[line:38] INFO start app...
2021-05-12 18:24:40,303 test_login.py[line:29] INFO ==== test_wechat_login ====
2021-05-12 18:24:40,303 loginView.py[line:99] INFO ==== Wechat_login ====
2021-05-12 18:24:48,409 loginView.py[line:103] ERROR start Wechatlogin!
2021-05-12 18:24:48,525 loginView.py[line:80] INFO ===== check_loginStatus =====
2021-05-12 18:24:56,978 loginView.py[line:84] ERROR login Fail!
2021-05-12 18:24:56,979 common_fun.py[line:117] INFO get login fail screenshot
2021-05-12 18:24:57,419 myunit.py[line:14] INFO ====tearDown====
2021-05-12 18:27:30,892 run.py[line:20] INFO start run test case...
2021-05-12 18:27:30,893 myunit.py[line:10] INFO ====setUp====
2021-05-12 18:27:30,895 desired_caps.py[line:38] INFO start app...
2021-05-12 18:27:42,864 test_login.py[line:9] INFO ==== test_login_no_verificationcode ====
2021-05-12 18:27:42,864 common_fun.py[line:122] INFO =====get_csv_data=====
2021-05-12 18:27:42,864 loginView.py[line:17] INFO ===== login_action =====
2021-05-12 18:27:42,864 loginView.py[line:18] INFO ===== check_change_phonenum =====
2021-05-12 18:27:42,864 common_fun.py[line:59] INFO check_check_change_phonenum
2021-05-12 18:27:50,879 common_fun.py[line:63] INFO no change_phonenum
2021-05-12 18:27:50,879 loginView.py[line:20] INFO Empty notification bar
2021-05-12 18:27:50,880 common_fun.py[line:92] INFO swipDown
2021-05-12 18:27:51,042 myunit.py[line:14] INFO ====tearDown====
2021-05-12 18:27:56,269 myunit.py[line:10] INFO ====setUp====
2021-05-12 18:27:56,271 desired_caps.py[line:38] INFO start app...
2021-05-12 18:28:05,897 run.py[line:20] INFO start run test case...
2021-05-12 18:28:05,898 myunit.py[line:10] INFO ====setUp====
2021-05-12 18:28:05,900 desired_caps.py[line:38] INFO start app...
2021-05-12 18:28:23,948 myunit.py[line:10] INFO ====setUp====
2021-05-12 18:28:23,950 desired_caps.py[line:38] INFO start app...
2021-05-12 18:28:41,984 myunit.py[line:10] INFO ====setUp====
2021-05-12 18:28:41,986 desired_caps.py[line:38] INFO start app...
2021-05-12 18:29:07,681 run.py[line:20] INFO start run test case...
2021-05-12 18:29:07,681 myunit.py[line:10] INFO ====setUp====
2021-05-12 18:29:07,684 desired_caps.py[line:38] INFO start app...
2021-05-12 18:29:19,303 test_login.py[line:9] INFO ==== test_login_no_verificationcode ====
2021-05-12 18:29:19,303 common_fun.py[line:122] INFO =====get_csv_data=====
2021-05-12 18:29:19,303 loginView.py[line:17] INFO ===== login_action =====
2021-05-12 18:29:19,303 loginView.py[line:18] INFO ===== check_change_phonenum =====
2021-05-12 18:29:19,303 common_fun.py[line:59] INFO check_check_change_phonenum
2021-05-12 18:29:27,374 common_fun.py[line:63] INFO no change_phonenum
2021-05-12 18:29:27,374 loginView.py[line:20] INFO Empty notification bar
2021-05-12 18:29:27,374 common_fun.py[line:92] INFO swipDown
2021-05-12 18:29:28,689 common_fun.py[line:98] INFO swipDown success
2021-05-12 18:29:28,689 common_fun.py[line:39] INFO check_deleteBtn
2021-05-12 18:29:37,204 common_fun.py[line:43] INFO no deleteBtn
2021-05-12 18:29:37,204 common_fun.py[line:84] INFO swipUp
2021-05-12 18:29:38,532 loginView.py[line:24] INFO phonenumber is:123456
2021-05-12 18:29:38,639 loginView.py[line:27] INFO click vergetBtn
2021-05-12 18:29:39,832 loginView.py[line:29] INFO verification code send finished!
2021-05-12 18:29:39,832 loginView.py[line:32] INFO check verificationStatus
2021-05-12 18:29:39,854 loginView.py[line:41] ERROR get verificationcode Fail!
2021-05-12 18:29:39,855 common_fun.py[line:117] INFO get get verificationcode Fail screenshot
2021-05-12 18:29:40,232 myunit.py[line:14] INFO ====tearDown====
2021-05-12 18:29:45,442 myunit.py[line:10] INFO ====setUp====
2021-05-12 18:29:45,444 desired_caps.py[line:38] INFO start app...
2021-05-12 18:29:57,140 test_login.py[line:18] INFO ==== test_login_success ====
2021-05-12 18:29:57,141 common_fun.py[line:122] INFO =====get_csv_data=====
2021-05-12 18:29:57,141 loginView.py[line:17] INFO ===== login_action =====
2021-05-12 18:29:57,141 loginView.py[line:18] INFO ===== check_change_phonenum =====
2021-05-12 18:29:57,141 common_fun.py[line:59] INFO check_check_change_phonenum
2021-05-12 18:30:05,518 common_fun.py[line:63] INFO no change_phonenum
2021-05-12 18:30:05,518 loginView.py[line:20] INFO Empty notification bar
2021-05-12 18:30:05,518 common_fun.py[line:92] INFO swipDown
2021-05-12 18:30:06,838 common_fun.py[line:98] INFO swipDown success
2021-05-12 18:30:06,839 common_fun.py[line:39] INFO check_deleteBtn
2021-05-12 18:30:15,491 common_fun.py[line:43] INFO no deleteBtn
2021-05-12 18:30:15,492 common_fun.py[line:84] INFO swipUp
2021-05-12 18:30:16,815 loginView.py[line:24] INFO phonenumber is:13867111151
2021-05-12 18:30:16,980 loginView.py[line:27] INFO click vergetBtn
2021-05-12 18:30:17,659 loginView.py[line:29] INFO verification code send finished!
2021-05-12 18:30:17,659 loginView.py[line:32] INFO check verificationStatus
2021-05-12 18:30:17,723 loginView.py[line:41] ERROR get verificationcode Fail!
2021-05-12 18:30:17,723 common_fun.py[line:117] INFO get get verificationcode Fail screenshot
2021-05-12 18:30:18,084 myunit.py[line:14] INFO ====tearDown====
2021-05-12 18:30:23,272 myunit.py[line:10] INFO ====setUp====
2021-05-12 18:30:23,274 desired_caps.py[line:38] INFO start app...
2021-05-12 18:30:35,000 test_login.py[line:29] INFO ==== test_wechat_login ====
2021-05-12 18:30:35,000 loginView.py[line:101] INFO ==== Wechat_login ====
2021-05-12 18:30:43,282 loginView.py[line:105] ERROR start Wechatlogin!
2021-05-12 18:30:43,384 loginView.py[line:81] INFO ===== check_loginStatus =====
2021-05-12 18:30:51,473 loginView.py[line:86] ERROR login Fail!
2021-05-12 18:30:51,473 common_fun.py[line:117] INFO get login fail screenshot
2021-05-12 18:30:51,994 myunit.py[line:14] INFO ====tearDown====
2021-05-13 14:31:42,486 run.py[line:20] INFO start run test case...
2021-05-13 14:31:42,505 myunit.py[line:10] INFO ====setUp====
2021-05-13 14:31:42,517 desired_caps.py[line:38] INFO start app...
2021-05-13 14:31:55,445 test_login.py[line:9] INFO ==== test_login_no_verificationcode ====
2021-05-13 14:31:55,445 common_fun.py[line:122] INFO =====get_csv_data=====
2021-05-13 14:31:55,446 loginView.py[line:17] INFO ===== login_action =====
2021-05-13 14:31:55,446 loginView.py[line:18] INFO ===== check_change_phonenum =====
2021-05-13 14:31:55,446 common_fun.py[line:59] INFO check_check_change_phonenum
2021-05-13 14:31:58,517 loginView.py[line:20] INFO Empty notification bar
2021-05-13 14:31:58,517 common_fun.py[line:92] INFO swipDown
2021-05-13 14:32:00,244 common_fun.py[line:98] INFO swipDown success
2021-05-13 14:32:00,244 common_fun.py[line:39] INFO check_deleteBtn
2021-05-13 14:32:00,610 loginView.py[line:24] INFO phonenumber is:123456
2021-05-13 14:32:02,511 loginView.py[line:27] INFO click vergetBtn
2021-05-13 14:32:03,728 loginView.py[line:29] INFO verification code send finished!
2021-05-13 14:32:03,729 loginView.py[line:32] INFO check verificationStatus
2021-05-13 14:32:03,789 loginView.py[line:41] ERROR get verificationcode Fail!
2021-05-13 14:32:03,790 common_fun.py[line:117] INFO get get verificationcode Fail screenshot
2021-05-13 14:32:04,200 myunit.py[line:14] INFO ====tearDown====
2021-05-13 14:32:09,416 myunit.py[line:10] INFO ====setUp====
2021-05-13 14:32:09,418 desired_caps.py[line:38] INFO start app...
2021-05-13 14:32:21,829 test_login.py[line:18] INFO ==== test_login_success ====
2021-05-13 14:32:21,829 common_fun.py[line:122] INFO =====get_csv_data=====
2021-05-13 14:32:21,829 loginView.py[line:17] INFO ===== login_action =====
2021-05-13 14:32:21,829 loginView.py[line:18] INFO ===== check_change_phonenum =====
2021-05-13 14:32:21,830 common_fun.py[line:59] INFO check_check_change_phonenum
2021-05-13 14:32:24,438 loginView.py[line:20] INFO Empty notification bar
2021-05-13 14:32:24,438 common_fun.py[line:92] INFO swipDown
2021-05-13 14:32:26,201 common_fun.py[line:98] INFO swipDown success
2021-05-13 14:32:26,201 common_fun.py[line:39] INFO check_deleteBtn
2021-05-13 14:32:34,808 common_fun.py[line:43] INFO no deleteBtn
2021-05-13 14:32:34,809 common_fun.py[line:84] INFO swipUp
2021-05-13 14:32:36,087 loginView.py[line:24] INFO phonenumber is:13867111151
2021-05-13 14:32:44,622 myunit.py[line:14] INFO ====tearDown====
2021-05-13 14:32:49,918 myunit.py[line:10] INFO ====setUp====
2021-05-13 14:32:49,920 desired_caps.py[line:38] INFO start app...
2021-05-13 14:33:02,337 test_login.py[line:29] INFO ==== test_wechat_login ====
2021-05-13 14:33:02,337 loginView.py[line:101] INFO ==== Wechat_login ====
2021-05-13 14:33:11,281 loginView.py[line:105] ERROR start Wechatlogin!
2021-05-13 14:33:19,306 myunit.py[line:14] INFO ====tearDown====
2021-05-13 14:37:08,659 run.py[line:20] INFO start run test case...
2021-05-13 14:37:08,660 myunit.py[line:10] INFO ====setUp====
2021-05-13 14:37:08,662 desired_caps.py[line:38] INFO start app...
2021-05-13 14:37:21,209 test_login.py[line:9] INFO ==== test_login_no_verificationcode ====
2021-05-13 14:37:21,210 common_fun.py[line:122] INFO =====get_csv_data=====
2021-05-13 14:37:21,210 loginView.py[line:17] INFO ===== login_action =====
2021-05-13 14:37:21,210 loginView.py[line:18] INFO ===== check_change_phonenum =====
2021-05-13 14:37:21,210 common_fun.py[line:59] INFO check_check_change_phonenum
2021-05-13 14:37:23,935 loginView.py[line:20] INFO Empty notification bar
2021-05-13 14:37:23,935 common_fun.py[line:92] INFO swipDown
2021-05-13 14:37:25,731 common_fun.py[line:98] INFO swipDown success
2021-05-13 14:37:25,731 common_fun.py[line:39] INFO check_deleteBtn
2021-05-13 14:37:34,016 common_fun.py[line:43] INFO no deleteBtn
2021-05-13 14:37:34,016 common_fun.py[line:84] INFO swipUp
2021-05-13 14:37:35,310 loginView.py[line:24] INFO phonenumber is:123456
2021-05-13 14:37:37,905 loginView.py[line:27] INFO click vergetBtn
2021-05-13 14:37:38,595 loginView.py[line:29] INFO verification code send finished!
2021-05-13 14:37:38,595 loginView.py[line:32] INFO check verificationStatus
2021-05-13 14:37:39,144 loginView.py[line:41] ERROR get verificationcode Fail!
2021-05-13 14:37:39,144 common_fun.py[line:117] INFO get get verificationcode Fail screenshot
2021-05-13 14:37:39,546 myunit.py[line:14] INFO ====tearDown====
2021-05-13 14:37:44,784 myunit.py[line:10] INFO ====setUp====
2021-05-13 14:37:44,786 desired_caps.py[line:38] INFO start app...
2021-05-13 14:38:29,564 run.py[line:20] INFO start run test case...
2021-05-13 14:38:29,564 myunit.py[line:10] INFO ====setUp====
2021-05-13 14:38:29,566 desired_caps.py[line:38] INFO start app...
2021-05-13 14:38:41,918 test_login.py[line:9] INFO ==== test_login_no_verificationcode ====
2021-05-13 14:38:41,918 common_fun.py[line:122] INFO =====get_csv_data=====
2021-05-13 14:38:41,918 loginView.py[line:17] INFO ===== login_action =====
2021-05-13 14:38:41,918 loginView.py[line:18] INFO ===== check_change_phonenum =====
2021-05-13 14:38:41,918 common_fun.py[line:59] INFO check_check_change_phonenum
2021-05-13 14:38:44,852 loginView.py[line:20] INFO Empty notification bar
2021-05-13 14:38:44,852 common_fun.py[line:92] INFO swipDown
2021-05-13 14:38:46,684 common_fun.py[line:98] INFO swipDown success
2021-05-13 14:38:46,684 common_fun.py[line:39] INFO check_deleteBtn
2021-05-13 14:38:54,880 common_fun.py[line:43] INFO no deleteBtn
2021-05-13 14:38:54,880 common_fun.py[line:84] INFO swipUp
2021-05-13 14:38:56,167 loginView.py[line:24] INFO phonenumber is:123456
2021-05-13 14:39:04,552 myunit.py[line:14] INFO ====tearDown====
2021-05-13 14:39:09,705 myunit.py[line:10] INFO ====setUp====
2021-05-13 14:39:09,706 desired_caps.py[line:38] INFO start app...
2021-05-13 14:39:22,425 test_login.py[line:18] INFO ==== test_login_success ====
2021-05-13 14:39:22,425 common_fun.py[line:122] INFO =====get_csv_data=====
2021-05-13 14:39:22,426 loginView.py[line:17] INFO ===== login_action =====
2021-05-13 14:39:22,426 loginView.py[line:18] INFO ===== check_change_phonenum =====
2021-05-13 14:39:22,426 common_fun.py[line:59] INFO check_check_change_phonenum
2021-05-13 14:39:25,368 loginView.py[line:20] INFO Empty notification bar
2021-05-13 14:39:25,369 common_fun.py[line:92] INFO swipDown
2021-05-13 14:39:27,071 common_fun.py[line:98] INFO swipDown success
2021-05-13 14:39:27,071 common_fun.py[line:39] INFO check_deleteBtn
2021-05-13 14:39:35,148 common_fun.py[line:43] INFO no deleteBtn
2021-05-13 14:39:35,148 common_fun.py[line:84] INFO swipUp
2021-05-13 14:39:36,454 loginView.py[line:24] INFO phonenumber is:13867111151
2021-05-13 14:39:37,340 loginView.py[line:27] INFO click vergetBtn
2021-05-13 14:39:38,032 loginView.py[line:29] INFO verification code send finished!
2021-05-13 14:39:38,033 loginView.py[line:32] INFO check verificationStatus
2021-05-13 14:39:38,082 loginView.py[line:41] ERROR get verificationcode Fail!
2021-05-13 14:39:38,082 common_fun.py[line:117] INFO get get verificationcode Fail screenshot
2021-05-13 14:39:38,399 myunit.py[line:14] INFO ====tearDown====
2021-05-13 14:39:43,654 myunit.py[line:10] INFO ====setUp====
2021-05-13 14:39:43,654 desired_caps.py[line:38] INFO start app...
2021-05-13 14:41:16,722 run.py[line:20] INFO start run test case...
2021-05-13 14:41:16,722 myunit.py[line:10] INFO ====setUp====
2021-05-13 14:41:16,724 desired_caps.py[line:38] INFO start app...
2021-05-13 14:41:28,848 test_login.py[line:9] INFO ==== test_login_no_verificationcode ====
2021-05-13 14:41:28,848 common_fun.py[line:122] INFO =====get_csv_data=====
2021-05-13 14:41:28,848 loginView.py[line:17] INFO ===== login_action =====
2021-05-13 14:41:28,848 loginView.py[line:18] INFO ===== check_change_phonenum =====
2021-05-13 14:41:28,848 common_fun.py[line:59] INFO check_check_change_phonenum
2021-05-13 14:41:31,512 loginView.py[line:20] INFO Empty notification bar
2021-05-13 14:41:31,512 common_fun.py[line:92] INFO swipDown
2021-05-13 14:41:33,238 common_fun.py[line:98] INFO swipDown success
2021-05-13 14:41:33,238 common_fun.py[line:39] INFO check_deleteBtn
2021-05-13 14:41:33,993 loginView.py[line:24] INFO phonenumber is:123456
2021-05-13 14:41:36,189 loginView.py[line:27] INFO click vergetBtn
2021-05-13 14:41:37,519 loginView.py[line:29] INFO verification code send finished!
2021-05-13 14:41:37,519 loginView.py[line:32] INFO check verificationStatus
2021-05-13 14:41:37,570 loginView.py[line:41] ERROR get verificationcode Fail!
2021-05-13 14:41:37,571 common_fun.py[line:117] INFO get get verificationcode Fail screenshot
2021-05-13 14:41:37,984 myunit.py[line:14] INFO ====tearDown====
2021-05-13 14:41:43,229 myunit.py[line:10] INFO ====setUp====
2021-05-13 14:41:43,231 desired_caps.py[line:38] INFO start app...
2021-05-13 14:41:55,705 test_login.py[line:18] INFO ==== test_login_success ====
2021-05-13 14:41:55,705 common_fun.py[line:122] INFO =====get_csv_data=====
2021-05-13 14:41:55,706 loginView.py[line:17] INFO ===== login_action =====
2021-05-13 14:41:55,706 loginView.py[line:18] INFO ===== check_change_phonenum =====
2021-05-13 14:41:55,706 common_fun.py[line:59] INFO check_check_change_phonenum
2021-05-13 14:41:58,364 loginView.py[line:20] INFO Empty notification bar
2021-05-13 14:41:58,364 common_fun.py[line:92] INFO swipDown
2021-05-13 14:42:00,086 common_fun.py[line:98] INFO swipDown success
2021-05-13 14:42:00,087 common_fun.py[line:39] INFO check_deleteBtn
2021-05-13 14:42:08,255 common_fun.py[line:43] INFO no deleteBtn
2021-05-13 14:42:08,255 common_fun.py[line:84] INFO swipUp
2021-05-13 14:42:09,536 loginView.py[line:24] INFO phonenumber is:13867111151
2021-05-13 14:42:10,495 loginView.py[line:27] INFO click vergetBtn
2021-05-13 14:42:11,155 loginView.py[line:29] INFO verification code send finished!
2021-05-13 14:42:11,155 loginView.py[line:32] INFO check verificationStatus
2021-05-13 14:42:11,212 loginView.py[line:41] ERROR get verificationcode Fail!
2021-05-13 14:42:11,212 common_fun.py[line:117] INFO get get verificationcode Fail screenshot
2021-05-13 14:42:11,536 myunit.py[line:14] INFO ====tearDown====
2021-05-13 14:42:16,734 myunit.py[line:10] INFO ====setUp====
2021-05-13 14:42:16,735 desired_caps.py[line:38] INFO start app...
2021-05-13 14:50:00,965 run.py[line:20] INFO start run test case...
2021-05-13 14:50:00,965 myunit.py[line:10] INFO ====setUp====
2021-05-13 14:50:00,968 desired_caps.py[line:38] INFO start app...
2021-05-13 14:50:19,013 myunit.py[line:10] INFO ====setUp====
2021-05-13 14:50:19,015 desired_caps.py[line:38] INFO start app...
2021-05-13 14:50:37,052 myunit.py[line:10] INFO ====setUp====
2021-05-13 14:50:37,054 desired_caps.py[line:38] INFO start app...
2021-05-13 14:51:23,767 run.py[line:20] INFO start run test case...
2021-05-13 14:51:23,767 myunit.py[line:10] INFO ====setUp====
2021-05-13 14:51:23,769 desired_caps.py[line:38] INFO start app...
2021-05-13 14:51:36,513 test_login.py[line:9] INFO ==== test_login_no_verificationcode ====
2021-05-13 14:51:36,513 common_fun.py[line:122] INFO =====get_csv_data=====
2021-05-13 14:51:36,513 loginView.py[line:17] INFO ===== login_action =====
2021-05-13 14:51:36,513 loginView.py[line:18] INFO ===== check_change_phonenum =====
2021-05-13 14:51:36,513 common_fun.py[line:59] INFO check_check_change_phonenum
2021-05-13 14:51:38,860 loginView.py[line:20] INFO Empty notification bar
2021-05-13 14:51:38,860 common_fun.py[line:92] INFO swipDown
2021-05-13 14:51:40,588 common_fun.py[line:98] INFO swipDown success
2021-05-13 14:51:40,588 common_fun.py[line:39] INFO check_deleteBtn
2021-05-13 14:51:49,185 common_fun.py[line:43] INFO no deleteBtn
2021-05-13 14:51:49,185 common_fun.py[line:84] INFO swipUp
2021-05-13 14:51:50,501 loginView.py[line:24] INFO phonenumber is:123456
2021-05-13 14:51:51,617 loginView.py[line:27] INFO click vergetBtn
2021-05-13 14:51:52,680 loginView.py[line:29] INFO verification code send finished!
2021-05-13 14:51:52,680 loginView.py[line:32] INFO check verificationStatus
2021-05-13 14:51:52,722 loginView.py[line:41] ERROR get verificationcode Fail!
2021-05-13 14:51:52,722 common_fun.py[line:117] INFO get get verificationcode Fail screenshot
2021-05-13 14:51:53,095 myunit.py[line:14] INFO ====tearDown====
2021-05-13 14:51:58,355 myunit.py[line:10] INFO ====setUp====
2021-05-13 14:51:58,357 desired_caps.py[line:38] INFO start app...
2021-05-13 14:52:10,800 test_login.py[line:18] INFO ==== test_login_success ====
2021-05-13 14:52:10,800 common_fun.py[line:122] INFO =====get_csv_data=====
2021-05-13 14:52:10,801 loginView.py[line:17] INFO ===== login_action =====
2021-05-13 14:52:10,801 loginView.py[line:18] INFO ===== check_change_phonenum =====
2021-05-13 14:52:10,801 common_fun.py[line:59] INFO check_check_change_phonenum
2021-05-13 14:52:13,233 loginView.py[line:20] INFO Empty notification bar
2021-05-13 14:52:13,234 common_fun.py[line:92] INFO swipDown
2021-05-13 14:52:14,958 common_fun.py[line:98] INFO swipDown success
2021-05-13 14:52:14,958 common_fun.py[line:39] INFO check_deleteBtn
2021-05-13 14:52:23,000 common_fun.py[line:43] INFO no deleteBtn
2021-05-13 14:52:23,000 common_fun.py[line:84] INFO swipUp
2021-05-13 14:52:24,287 loginView.py[line:24] INFO phonenumber is:13867111151
2021-05-13 14:52:25,276 loginView.py[line:27] INFO click vergetBtn
2021-05-13 14:52:25,974 loginView.py[line:29] INFO verification code send finished!
2021-05-13 14:52:25,974 loginView.py[line:32] INFO check verificationStatus
2021-05-13 14:52:26,024 loginView.py[line:41] ERROR get verificationcode Fail!
2021-05-13 14:52:26,024 common_fun.py[line:117] INFO get get verificationcode Fail screenshot
2021-05-13 14:52:26,366 myunit.py[line:14] INFO ====tearDown====
2021-05-13 14:52:31,624 myunit.py[line:10] INFO ====setUp====
2021-05-13 14:52:31,625 desired_caps.py[line:38] INFO start app...
2021-05-13 14:52:44,182 test_login.py[line:29] INFO ==== test_wechat_login ====
2021-05-13 14:52:44,182 loginView.py[line:99] INFO ==== Wechat_login ====
2021-05-13 14:52:52,738 loginView.py[line:103] ERROR start Wechatlogin!
2021-05-13 14:53:00,949 myunit.py[line:14] INFO ====tearDown====
2021-05-13 15:04:49,832 run.py[line:20] INFO start run test case...
2021-05-13 15:04:49,832 myunit.py[line:10] INFO ====setUp====
2021-05-13 15:04:49,834 desired_caps.py[line:38] INFO start app...
2021-05-13 15:05:02,458 test_login.py[line:9] INFO ==== test_login_no_verificationcode ====
2021-05-13 15:05:02,458 common_fun.py[line:122] INFO =====get_csv_data=====
2021-05-13 15:05:02,459 loginView.py[line:16] INFO ===== login_action =====
2021-05-13 15:05:02,459 loginView.py[line:17] INFO ===== check_change_phonenum =====
2021-05-13 15:05:02,459 common_fun.py[line:59] INFO check_check_change_phonenum
2021-05-13 15:05:04,065 loginView.py[line:19] INFO Empty notification bar
2021-05-13 15:05:04,065 common_fun.py[line:92] INFO swipDown
2021-05-13 15:05:05,909 common_fun.py[line:98] INFO swipDown success
2021-05-13 15:05:05,910 common_fun.py[line:39] INFO check_deleteBtn
2021-05-13 15:05:06,729 loginView.py[line:23] INFO phonenumber is:123456
2021-05-13 15:05:08,902 loginView.py[line:26] INFO click vergetBtn
2021-05-13 15:05:10,061 loginView.py[line:28] INFO verification code send finished!
2021-05-13 15:05:10,061 loginView.py[line:31] INFO check verificationStatus
2021-05-13 15:05:10,083 loginView.py[line:40] ERROR get verificationcode Fail!
2021-05-13 15:05:10,083 common_fun.py[line:117] INFO get get verificationcode Fail screenshot
2021-05-13 15:05:10,425 myunit.py[line:14] INFO ====tearDown====
2021-05-13 15:05:15,689 myunit.py[line:10] INFO ====setUp====
2021-05-13 15:05:15,691 desired_caps.py[line:38] INFO start app...
2021-05-13 15:05:28,102 test_login.py[line:18] INFO ==== test_login_success ====
2021-05-13 15:05:28,102 common_fun.py[line:122] INFO =====get_csv_data=====
2021-05-13 15:05:28,103 loginView.py[line:16] INFO ===== login_action =====
2021-05-13 15:05:28,103 loginView.py[line:17] INFO ===== check_change_phonenum =====
2021-05-13 15:05:28,103 common_fun.py[line:59] INFO check_check_change_phonenum
2021-05-13 15:05:29,756 loginView.py[line:19] INFO Empty notification bar
2021-05-13 15:05:29,757 common_fun.py[line:92] INFO swipDown
2021-05-13 15:05:31,529 common_fun.py[line:98] INFO swipDown success
2021-05-13 15:05:31,529 common_fun.py[line:39] INFO check_deleteBtn
2021-05-13 15:05:40,057 common_fun.py[line:43] INFO no deleteBtn
2021-05-13 15:05:40,057 common_fun.py[line:84] INFO swipUp
2021-05-13 15:05:41,367 loginView.py[line:23] INFO phonenumber is:13867111151
2021-05-13 15:05:42,269 loginView.py[line:26] INFO click vergetBtn
2021-05-13 15:05:42,926 loginView.py[line:28] INFO verification code send finished!
2021-05-13 15:05:42,926 loginView.py[line:31] INFO check verificationStatus
2021-05-13 15:05:43,005 loginView.py[line:40] ERROR get verificationcode Fail!
2021-05-13 15:05:43,005 common_fun.py[line:117] INFO get get verificationcode Fail screenshot
2021-05-13 15:05:43,345 myunit.py[line:14] INFO ====tearDown====
2021-05-13 15:05:48,563 myunit.py[line:10] INFO ====setUp====
2021-05-13 15:05:48,565 desired_caps.py[line:38] INFO start app...
2021-05-13 15:10:03,942 run.py[line:20] INFO start run test case...
2021-05-13 15:10:03,942 myunit.py[line:10] INFO ====setUp====
2021-05-13 15:10:03,944 desired_caps.py[line:38] INFO start app...
2021-05-13 15:10:21,995 myunit.py[line:10] INFO ====setUp====
2021-05-13 15:10:21,996 desired_caps.py[line:38] INFO start app...
2021-05-13 15:10:40,023 myunit.py[line:10] INFO ====setUp====
2021-05-13 15:10:40,025 desired_caps.py[line:38] INFO start app...
2021-05-13 15:11:21,767 run.py[line:20] INFO start run test case...
2021-05-13 15:11:21,768 myunit.py[line:10] INFO ====setUp====
2021-05-13 15:11:21,776 desired_caps.py[line:38] INFO start app...
2021-05-13 15:11:33,933 test_login.py[line:9] INFO ==== test_login_no_verificationcode ====
2021-05-13 15:11:33,934 common_fun.py[line:122] INFO =====get_csv_data=====
2021-05-13 15:11:33,934 loginView.py[line:17] INFO ===== login_action =====
2021-05-13 15:11:33,934 loginView.py[line:18] INFO ===== check_change_phonenum =====
2021-05-13 15:11:33,934 common_fun.py[line:59] INFO check_check_change_phonenum
2021-05-13 15:11:35,652 loginView.py[line:20] INFO Empty notification bar
2021-05-13 15:11:35,652 common_fun.py[line:92] INFO swipDown
2021-05-13 15:11:37,398 common_fun.py[line:98] INFO swipDown success
2021-05-13 15:11:37,398 common_fun.py[line:39] INFO check_deleteBtn
2021-05-13 15:11:38,249 loginView.py[line:24] INFO phonenumber is:123456
2021-05-13 15:11:40,414 loginView.py[line:27] INFO click vergetBtn
2021-05-13 15:11:41,579 loginView.py[line:34] INFO check verificationStatus
2021-05-13 15:11:41,601 loginView.py[line:42] ERROR get verificationcode Fail!
2021-05-13 15:11:41,601 common_fun.py[line:117] INFO get get verificationcode Fail screenshot
2021-05-13 15:11:41,954 myunit.py[line:14] INFO ====tearDown====
2021-05-13 15:11:47,216 myunit.py[line:10] INFO ====setUp====
2021-05-13 15:11:47,218 desired_caps.py[line:38] INFO start app...
2021-05-13 15:11:59,671 test_login.py[line:18] INFO ==== test_login_success ====
2021-05-13 15:11:59,671 common_fun.py[line:122] INFO =====get_csv_data=====
2021-05-13 15:11:59,671 loginView.py[line:17] INFO ===== login_action =====
2021-05-13 15:11:59,671 loginView.py[line:18] INFO ===== check_change_phonenum =====
2021-05-13 15:11:59,671 common_fun.py[line:59] INFO check_check_change_phonenum
2021-05-13 15:12:01,298 loginView.py[line:20] INFO Empty notification bar
2021-05-13 15:12:01,298 common_fun.py[line:92] INFO swipDown
2021-05-13 15:12:03,089 common_fun.py[line:98] INFO swipDown success
2021-05-13 15:12:03,089 common_fun.py[line:39] INFO check_deleteBtn
2021-05-13 15:12:11,155 common_fun.py[line:43] INFO no deleteBtn
2021-05-13 15:12:11,155 common_fun.py[line:84] INFO swipUp
2021-05-13 15:12:12,441 loginView.py[line:24] INFO phonenumber is:13867111151
2021-05-13 15:12:13,347 loginView.py[line:27] INFO click vergetBtn
2021-05-13 15:12:14,050 loginView.py[line:34] INFO check verificationStatus
2021-05-13 15:12:14,109 loginView.py[line:42] ERROR get verificationcode Fail!
2021-05-13 15:12:14,109 common_fun.py[line:117] INFO get get verificationcode Fail screenshot
2021-05-13 15:12:14,488 myunit.py[line:14] INFO ====tearDown====
2021-05-13 15:12:19,697 myunit.py[line:10] INFO ====setUp====
2021-05-13 15:12:19,698 desired_caps.py[line:38] INFO start app...
2021-05-13 15:12:32,190 test_login.py[line:29] INFO ==== test_wechat_login ====
2021-05-13 15:12:32,190 loginView.py[line:100] INFO ==== Wechat_login ====
2021-05-13 15:12:40,501 loginView.py[line:104] ERROR start Wechatlogin!
2021-05-13 15:12:48,998 myunit.py[line:14] INFO ====tearDown====
2021-05-13 15:14:06,029 run.py[line:20] INFO start run test case...
2021-05-13 15:14:06,029 myunit.py[line:10] INFO ====setUp====
2021-05-13 15:14:06,031 desired_caps.py[line:38] INFO start app...
2021-05-13 15:14:17,604 test_login.py[line:9] INFO ==== test_login_no_verificationcode ====
2021-05-13 15:14:17,604 common_fun.py[line:122] INFO =====get_csv_data=====
2021-05-13 15:14:17,605 loginView.py[line:17] INFO ===== login_action =====
2021-05-13 15:14:17,605 loginView.py[line:18] INFO ===== check_change_phonenum =====
2021-05-13 15:14:17,605 common_fun.py[line:59] INFO check_check_change_phonenum
2021-05-13 15:14:19,218 loginView.py[line:20] INFO Empty notification bar
2021-05-13 15:14:19,218 common_fun.py[line:92] INFO swipDown
2021-05-13 15:14:20,995 common_fun.py[line:98] INFO swipDown success
2021-05-13 15:14:20,995 common_fun.py[line:39] INFO check_deleteBtn
2021-05-13 15:14:21,962 loginView.py[line:24] INFO phonenumber is:123456
2021-05-13 15:14:24,145 loginView.py[line:27] INFO click vergetBtn
2021-05-13 15:14:25,342 loginView.py[line:32] INFO check verificationStatus
2021-05-13 15:14:28,397 loginView.py[line:41] ERROR get verificationcode Fail!
2021-05-13 15:14:28,397 common_fun.py[line:117] INFO get get verificationcode Fail screenshot
2021-05-13 15:14:28,781 myunit.py[line:14] INFO ====tearDown====
2021-05-13 15:14:34,029 myunit.py[line:10] INFO ====setUp====
2021-05-13 15:14:34,030 desired_caps.py[line:38] INFO start app...
2021-05-13 15:14:46,592 test_login.py[line:18] INFO ==== test_login_success ====
2021-05-13 15:14:46,592 common_fun.py[line:122] INFO =====get_csv_data=====
2021-05-13 15:14:46,593 loginView.py[line:17] INFO ===== login_action =====
2021-05-13 15:14:46,593 loginView.py[line:18] INFO ===== check_change_phonenum =====
2021-05-13 15:14:46,593 common_fun.py[line:59] INFO check_check_change_phonenum
2021-05-13 15:14:48,176 loginView.py[line:20] INFO Empty notification bar
2021-05-13 15:14:48,176 common_fun.py[line:92] INFO swipDown
2021-05-13 15:14:50,026 common_fun.py[line:98] INFO swipDown success
2021-05-13 15:14:50,026 common_fun.py[line:39] INFO check_deleteBtn
2021-05-13 15:14:58,527 common_fun.py[line:43] INFO no deleteBtn
2021-05-13 15:14:58,527 common_fun.py[line:84] INFO swipUp
2021-05-13 15:14:59,831 loginView.py[line:24] INFO phonenumber is:13867111151
2021-05-13 15:15:00,746 loginView.py[line:27] INFO click vergetBtn
2021-05-13 15:15:01,419 loginView.py[line:32] INFO check verificationStatus
2021-05-13 15:15:13,209 loginView.py[line:37] INFO get verificationcode  success!
2021-05-13 15:15:13,209 loginView.py[line:47] INFO get verification code
2021-05-13 15:15:13,209 common_fun.py[line:92] INFO swipDown
2021-05-13 15:15:14,535 common_fun.py[line:98] INFO swipDown success
2021-05-13 15:15:15,298 loginView.py[line:51] INFO messagecontent：【科大讯飞】您的验证码为：240332，该验证码5分钟内有效，请勿泄漏于他人。
2021-05-13 15:15:15,305 loginView.py[line:54] INFO verificationcode is240332
2021-05-13 15:15:15,306 common_fun.py[line:84] INFO swipUp
2021-05-13 15:15:22,349 loginView.py[line:76] INFO ====login finished!====
2021-05-13 15:15:22,349 loginView.py[line:79] INFO ===== check_loginStatus =====
2021-05-13 15:15:23,829 loginView.py[line:87] INFO login success!
2021-05-13 15:15:23,829 loginView.py[line:92] INFO ==== logout_action ==== 
2021-05-13 15:15:25,314 loginView.py[line:96] INFO ==== logout success! ====
2021-05-13 15:15:25,315 myunit.py[line:14] INFO ====tearDown====
2021-05-13 15:15:30,586 myunit.py[line:10] INFO ====setUp====
2021-05-13 15:15:30,588 desired_caps.py[line:38] INFO start app...
2021-05-13 15:15:43,078 test_login.py[line:29] INFO ==== test_wechat_login ====
2021-05-13 15:15:43,078 loginView.py[line:99] INFO ==== Wechat_login ====
2021-05-13 15:15:51,414 loginView.py[line:103] ERROR start Wechatlogin!
2021-05-13 15:15:59,889 myunit.py[line:14] INFO ====tearDown====
2021-05-13 15:18:51,882 run.py[line:20] INFO start run test case...
2021-05-13 15:18:51,883 myunit.py[line:10] INFO ====setUp====
2021-05-13 15:18:51,885 desired_caps.py[line:38] INFO start app...
2021-05-13 15:19:04,636 test_login.py[line:9] INFO ==== test_login_no_verificationcode ====
2021-05-13 15:19:04,636 common_fun.py[line:122] INFO =====get_csv_data=====
2021-05-13 15:19:04,637 loginView.py[line:17] INFO ===== login_action =====
2021-05-13 15:19:04,637 loginView.py[line:18] INFO ===== check_change_phonenum =====
2021-05-13 15:19:04,637 common_fun.py[line:59] INFO check_check_change_phonenum
2021-05-13 15:19:06,220 loginView.py[line:20] INFO Empty notification bar
2021-05-13 15:19:06,220 common_fun.py[line:92] INFO swipDown
2021-05-13 15:19:08,052 common_fun.py[line:98] INFO swipDown success
2021-05-13 15:19:08,052 common_fun.py[line:39] INFO check_deleteBtn
2021-05-13 15:19:08,908 loginView.py[line:24] INFO phonenumber is:123456
2021-05-13 15:19:11,094 loginView.py[line:27] INFO click vergetBtn
2021-05-13 15:19:11,745 loginView.py[line:32] INFO check verificationStatus
2021-05-13 15:19:14,791 loginView.py[line:41] ERROR get verificationcode Fail!
2021-05-13 15:19:14,792 common_fun.py[line:117] INFO get get verificationcode Fail screenshot
2021-05-13 15:19:15,176 myunit.py[line:14] INFO ====tearDown====
2021-05-13 15:19:20,403 myunit.py[line:10] INFO ====setUp====
2021-05-13 15:19:20,405 desired_caps.py[line:38] INFO start app...
2021-05-13 15:19:32,818 test_login.py[line:18] INFO ==== test_login_success ====
2021-05-13 15:19:32,819 common_fun.py[line:122] INFO =====get_csv_data=====
2021-05-13 15:19:32,819 loginView.py[line:17] INFO ===== login_action =====
2021-05-13 15:19:32,819 loginView.py[line:18] INFO ===== check_change_phonenum =====
2021-05-13 15:19:32,819 common_fun.py[line:59] INFO check_check_change_phonenum
2021-05-13 15:19:34,487 loginView.py[line:20] INFO Empty notification bar
2021-05-13 15:19:34,487 common_fun.py[line:92] INFO swipDown
2021-05-13 15:19:36,293 common_fun.py[line:98] INFO swipDown success
2021-05-13 15:19:36,293 common_fun.py[line:39] INFO check_deleteBtn
2021-05-13 15:19:44,887 common_fun.py[line:43] INFO no deleteBtn
2021-05-13 15:19:44,887 common_fun.py[line:84] INFO swipUp
2021-05-13 15:19:46,204 loginView.py[line:24] INFO phonenumber is:13867111151
2021-05-13 15:19:47,108 loginView.py[line:27] INFO click vergetBtn
2021-05-13 15:19:47,758 loginView.py[line:32] INFO check verificationStatus
2021-05-13 15:19:59,891 loginView.py[line:37] INFO get verificationcode  success!
2021-05-13 15:19:59,891 loginView.py[line:47] INFO get verification code
2021-05-13 15:19:59,891 common_fun.py[line:92] INFO swipDown
2021-05-13 15:20:01,222 common_fun.py[line:98] INFO swipDown success
2021-05-13 15:20:02,051 loginView.py[line:51] INFO messagecontent：【科大讯飞】您的验证码为：552334，该验证码5分钟内有效，请勿泄漏于他人。
2021-05-13 15:20:02,051 loginView.py[line:54] INFO verificationcode is552334
2021-05-13 15:20:02,051 common_fun.py[line:84] INFO swipUp
2021-05-13 15:20:08,651 loginView.py[line:76] INFO ====login finished!====
2021-05-13 15:20:08,651 loginView.py[line:79] INFO ===== check_loginStatus =====
2021-05-13 15:20:10,139 loginView.py[line:87] INFO login success!
2021-05-13 15:20:10,139 loginView.py[line:92] INFO ==== logout_action ==== 
2021-05-13 15:20:11,626 loginView.py[line:96] INFO ==== logout success! ====
2021-05-13 15:20:11,626 myunit.py[line:14] INFO ====tearDown====
2021-05-13 15:20:16,855 myunit.py[line:10] INFO ====setUp====
2021-05-13 15:20:16,856 desired_caps.py[line:38] INFO start app...
2021-05-13 15:20:29,336 test_login.py[line:29] INFO ==== test_wechat_login ====
2021-05-13 15:20:29,336 loginView.py[line:99] INFO ==== Wechat_login ====
2021-05-13 15:20:37,657 loginView.py[line:103] ERROR start Wechatlogin!
2021-05-13 15:20:37,769 loginView.py[line:79] INFO ===== check_loginStatus =====
2021-05-13 15:20:46,110 loginView.py[line:83] ERROR login Fail!
2021-05-13 15:20:46,110 common_fun.py[line:117] INFO get login fail screenshot
2021-05-13 15:20:46,528 myunit.py[line:14] INFO ====tearDown====
